Analysis & Synthesis report for stopwatch
Wed Mar 09 14:13:35 2016
Quartus II 64-Bit Version 13.0.1 Build 232 06/12/2013 Service Pack 1 SJ Full Version


---------------------
; Table of Contents ;
---------------------
  1. Legal Notice
  2. Analysis & Synthesis Summary
  3. Analysis & Synthesis Settings
  4. Parallel Compilation
  5. Analysis & Synthesis Source Files Read
  6. Analysis & Synthesis Resource Usage Summary
  7. Analysis & Synthesis Resource Utilization by Entity
  8. Analysis & Synthesis IP Cores Summary
  9. Logic Cells Representing Combinational Loops
 10. General Register Statistics
 11. Parameter Settings for User Entity Instance: counters2:inst2|counter:10mscounter|lpm_counter:LPM_COUNTER_component
 12. Parameter Settings for User Entity Instance: counters2:inst2|counter:100mscounter1|lpm_counter:LPM_COUNTER_component
 13. Parameter Settings for User Entity Instance: counters2:inst2|counter:1scounter2|lpm_counter:LPM_COUNTER_component
 14. Parameter Settings for User Entity Instance: counters2:inst2|counter:10scounter3|lpm_counter:LPM_COUNTER_component
 15. Parameter Settings for User Entity Instance: tick_generator:inst|lpm_compare1:inst1|lpm_compare:LPM_COMPARE_component
 16. Parameter Settings for User Entity Instance: tick_generator:inst|bigcounter1:inst3|lpm_counter:LPM_COUNTER_component
 17. Parameter Settings for User Entity Instance: tick_generator:inst|lpm_compare2:inst2|lpm_compare:LPM_COMPARE_component
 18. Parameter Settings for User Entity Instance: tick_generator:inst|lpm_counter0:inst5|lpm_counter:LPM_COUNTER_component
 19. Parameter Settings for User Entity Instance: tick_generator:inst|lpm_compare2:inst4|lpm_compare:LPM_COMPARE_component
 20. Parameter Settings for User Entity Instance: tick_generator:inst|lpm_counter0:inst6|lpm_counter:LPM_COUNTER_component
 21. Parameter Settings for User Entity Instance: tick_generator:inst|lpm_compare2:inst7|lpm_compare:LPM_COMPARE_component
 22. Parameter Settings for User Entity Instance: tick_generator:inst|lpm_counter0:inst11|lpm_counter:LPM_COUNTER_component
 23. Elapsed Time Per Partition
 24. Analysis & Synthesis Messages



----------------
; Legal Notice ;
----------------
Copyright (C) 1991-2013 Altera Corporation
Your use of Altera Corporation's design tools, logic functions 
and other software and tools, and its AMPP partner logic 
functions, and any output files from any of the foregoing 
(including device programming or simulation files), and any 
associated documentation or information are expressly subject 
to the terms and conditions of the Altera Program License 
Subscription Agreement, Altera MegaCore Function License 
Agreement, or other applicable license agreement, including, 
without limitation, that your use is for the sole purpose of 
programming logic devices manufactured by Altera and sold by 
Altera or its authorized distributors.  Please refer to the 
applicable agreement for further details.



+---------------------------------------------------------------------------------------+
; Analysis & Synthesis Summary                                                          ;
+------------------------------------+--------------------------------------------------+
; Analysis & Synthesis Status        ; Successful - Wed Mar 09 14:13:35 2016            ;
; Quartus II 64-Bit Version          ; 13.0.1 Build 232 06/12/2013 SP 1 SJ Full Version ;
; Revision Name                      ; stopwatch                                        ;
; Top-level Entity Name              ; stopwatch                                        ;
; Family                             ; Cyclone III                                      ;
; Total logic elements               ; 124                                              ;
;     Total combinational functions  ; 123                                              ;
;     Dedicated logic registers      ; 48                                               ;
; Total registers                    ; 48                                               ;
; Total pins                         ; 37                                               ;
; Total virtual pins                 ; 0                                                ;
; Total memory bits                  ; 0                                                ;
; Embedded Multiplier 9-bit elements ; 0                                                ;
; Total PLLs                         ; 0                                                ;
+------------------------------------+--------------------------------------------------+


+----------------------------------------------------------------------------------------------------------------------+
; Analysis & Synthesis Settings                                                                                        ;
+----------------------------------------------------------------------------+--------------------+--------------------+
; Option                                                                     ; Setting            ; Default Value      ;
+----------------------------------------------------------------------------+--------------------+--------------------+
; Device                                                                     ; EP3C16F484C6       ;                    ;
; Top-level entity name                                                      ; stopwatch          ; stopwatch          ;
; Family name                                                                ; Cyclone III        ; Cyclone IV GX      ;
; Use smart compilation                                                      ; Off                ; Off                ;
; Enable parallel Assembler and TimeQuest Timing Analyzer during compilation ; On                 ; On                 ;
; Enable compact report table                                                ; Off                ; Off                ;
; Restructure Multiplexers                                                   ; Auto               ; Auto               ;
; Create Debugging Nodes for IP Cores                                        ; Off                ; Off                ;
; Preserve fewer node names                                                  ; On                 ; On                 ;
; Disable OpenCore Plus hardware evaluation                                  ; Off                ; Off                ;
; Verilog Version                                                            ; Verilog_2001       ; Verilog_2001       ;
; VHDL Version                                                               ; VHDL_1993          ; VHDL_1993          ;
; State Machine Processing                                                   ; Auto               ; Auto               ;
; Safe State Machine                                                         ; Off                ; Off                ;
; Extract Verilog State Machines                                             ; On                 ; On                 ;
; Extract VHDL State Machines                                                ; On                 ; On                 ;
; Ignore Verilog initial constructs                                          ; Off                ; Off                ;
; Iteration limit for constant Verilog loops                                 ; 5000               ; 5000               ;
; Iteration limit for non-constant Verilog loops                             ; 250                ; 250                ;
; Add Pass-Through Logic to Inferred RAMs                                    ; On                 ; On                 ;
; Infer RAMs from Raw Logic                                                  ; On                 ; On                 ;
; Parallel Synthesis                                                         ; On                 ; On                 ;
; DSP Block Balancing                                                        ; Auto               ; Auto               ;
; NOT Gate Push-Back                                                         ; On                 ; On                 ;
; Power-Up Don't Care                                                        ; On                 ; On                 ;
; Remove Redundant Logic Cells                                               ; Off                ; Off                ;
; Remove Duplicate Registers                                                 ; On                 ; On                 ;
; Ignore CARRY Buffers                                                       ; Off                ; Off                ;
; Ignore CASCADE Buffers                                                     ; Off                ; Off                ;
; Ignore GLOBAL Buffers                                                      ; Off                ; Off                ;
; Ignore ROW GLOBAL Buffers                                                  ; Off                ; Off                ;
; Ignore LCELL Buffers                                                       ; Off                ; Off                ;
; Ignore SOFT Buffers                                                        ; On                 ; On                 ;
; Limit AHDL Integers to 32 Bits                                             ; Off                ; Off                ;
; Optimization Technique                                                     ; Balanced           ; Balanced           ;
; Carry Chain Length                                                         ; 70                 ; 70                 ;
; Auto Carry Chains                                                          ; On                 ; On                 ;
; Auto Open-Drain Pins                                                       ; On                 ; On                 ;
; Perform WYSIWYG Primitive Resynthesis                                      ; Off                ; Off                ;
; Auto ROM Replacement                                                       ; On                 ; On                 ;
; Auto RAM Replacement                                                       ; On                 ; On                 ;
; Auto DSP Block Replacement                                                 ; On                 ; On                 ;
; Auto Shift Register Replacement                                            ; Auto               ; Auto               ;
; Allow Shift Register Merging across Hierarchies                            ; Auto               ; Auto               ;
; Auto Clock Enable Replacement                                              ; On                 ; On                 ;
; Strict RAM Replacement                                                     ; Off                ; Off                ;
; Allow Synchronous Control Signals                                          ; On                 ; On                 ;
; Force Use of Synchronous Clear Signals                                     ; Off                ; Off                ;
; Auto RAM Block Balancing                                                   ; On                 ; On                 ;
; Auto RAM to Logic Cell Conversion                                          ; Off                ; Off                ;
; Auto Resource Sharing                                                      ; Off                ; Off                ;
; Allow Any RAM Size For Recognition                                         ; Off                ; Off                ;
; Allow Any ROM Size For Recognition                                         ; Off                ; Off                ;
; Allow Any Shift Register Size For Recognition                              ; Off                ; Off                ;
; Use LogicLock Constraints during Resource Balancing                        ; On                 ; On                 ;
; Ignore translate_off and synthesis_off directives                          ; Off                ; Off                ;
; Timing-Driven Synthesis                                                    ; On                 ; On                 ;
; Report Parameter Settings                                                  ; On                 ; On                 ;
; Report Source Assignments                                                  ; On                 ; On                 ;
; Report Connectivity Checks                                                 ; On                 ; On                 ;
; Ignore Maximum Fan-Out Assignments                                         ; Off                ; Off                ;
; Synchronization Register Chain Length                                      ; 2                  ; 2                  ;
; PowerPlay Power Optimization                                               ; Normal compilation ; Normal compilation ;
; HDL message level                                                          ; Level2             ; Level2             ;
; Suppress Register Optimization Related Messages                            ; Off                ; Off                ;
; Number of Removed Registers Reported in Synthesis Report                   ; 5000               ; 5000               ;
; Number of Swept Nodes Reported in Synthesis Report                         ; 5000               ; 5000               ;
; Number of Inverted Registers Reported in Synthesis Report                  ; 100                ; 100                ;
; Clock MUX Protection                                                       ; On                 ; On                 ;
; Auto Gated Clock Conversion                                                ; Off                ; Off                ;
; Block Design Naming                                                        ; Auto               ; Auto               ;
; SDC constraint protection                                                  ; Off                ; Off                ;
; Synthesis Effort                                                           ; Auto               ; Auto               ;
; Shift Register Replacement - Allow Asynchronous Clear Signal               ; On                 ; On                 ;
; Pre-Mapping Resynthesis Optimization                                       ; Off                ; Off                ;
; Analysis & Synthesis Message Level                                         ; Medium             ; Medium             ;
; Disable Register Merging Across Hierarchies                                ; Auto               ; Auto               ;
; Resource Aware Inference For Block RAM                                     ; On                 ; On                 ;
; Synthesis Seed                                                             ; 1                  ; 1                  ;
+----------------------------------------------------------------------------+--------------------+--------------------+


+------------------------------------------+
; Parallel Compilation                     ;
+----------------------------+-------------+
; Processors                 ; Number      ;
+----------------------------+-------------+
; Number detected on machine ; 8           ;
; Maximum allowed            ; 4           ;
;                            ;             ;
; Average used               ; 1.00        ;
; Maximum used               ; 1           ;
;                            ;             ;
; Usage by Processor         ; % Time Used ;
;     Processor 1            ; 100.0%      ;
;     Processors 2-8         ;   0.0%      ;
+----------------------------+-------------+


+------------------------------------------------------------------------------------------------------------------------------------------------------------------------------------------+
; Analysis & Synthesis Source Files Read                                                                                                                                                   ;
+----------------------------------+-----------------+------------------------------------+--------------------------------------------------------------------------------------+---------+
; File Name with User-Entered Path ; Used in Netlist ; File Type                          ; File Name with Absolute Path                                                         ; Library ;
+----------------------------------+-----------------+------------------------------------+--------------------------------------------------------------------------------------+---------+
; module decode_7segment.v         ; yes             ; User Verilog HDL File              ; //icnas2.cc.ic.ac.uk/gsp14/Desktop/FPGA Lab/stopwatch2works/module decode_7segment.v ;         ;
; stopwatch.bdf                    ; yes             ; User Block Diagram/Schematic File  ; //icnas2.cc.ic.ac.uk/gsp14/Desktop/FPGA Lab/stopwatch2works/stopwatch.bdf            ;         ;
; tick_generator.bdf               ; yes             ; User Block Diagram/Schematic File  ; //icnas2.cc.ic.ac.uk/gsp14/Desktop/FPGA Lab/stopwatch2works/tick_generator.bdf       ;         ;
; counter.vhd                      ; yes             ; User Wizard-Generated File         ; //icnas2.cc.ic.ac.uk/gsp14/Desktop/FPGA Lab/stopwatch2works/counter.vhd              ;         ;
; bigcounter1.vhd                  ; yes             ; User Wizard-Generated File         ; //icnas2.cc.ic.ac.uk/gsp14/Desktop/FPGA Lab/stopwatch2works/bigcounter1.vhd          ;         ;
; counters2.bdf                    ; yes             ; User Block Diagram/Schematic File  ; //icnas2.cc.ic.ac.uk/gsp14/Desktop/FPGA Lab/stopwatch2works/counters2.bdf            ;         ;
; lpm_counter0.vhd                 ; yes             ; User Wizard-Generated File         ; //icnas2.cc.ic.ac.uk/gsp14/Desktop/FPGA Lab/stopwatch2works/lpm_counter0.vhd         ;         ;
; lpm_compare1.vhd                 ; yes             ; User Wizard-Generated File         ; //icnas2.cc.ic.ac.uk/gsp14/Desktop/FPGA Lab/stopwatch2works/lpm_compare1.vhd         ;         ;
; lpm_compare2.vhd                 ; yes             ; User Wizard-Generated File         ; //icnas2.cc.ic.ac.uk/gsp14/Desktop/FPGA Lab/stopwatch2works/lpm_compare2.vhd         ;         ;
; 4bitregisterrw.bdf               ; yes             ; User Block Diagram/Schematic File  ; //icnas2.cc.ic.ac.uk/gsp14/Desktop/FPGA Lab/stopwatch2works/4bitregisterrw.bdf       ;         ;
; lpm_counter.tdf                  ; yes             ; Megafunction                       ; c:/altera/13.0sp1/quartus/libraries/megafunctions/lpm_counter.tdf                    ;         ;
; lpm_constant.inc                 ; yes             ; Megafunction                       ; c:/altera/13.0sp1/quartus/libraries/megafunctions/lpm_constant.inc                   ;         ;
; lpm_decode.inc                   ; yes             ; Megafunction                       ; c:/altera/13.0sp1/quartus/libraries/megafunctions/lpm_decode.inc                     ;         ;
; lpm_add_sub.inc                  ; yes             ; Megafunction                       ; c:/altera/13.0sp1/quartus/libraries/megafunctions/lpm_add_sub.inc                    ;         ;
; cmpconst.inc                     ; yes             ; Megafunction                       ; c:/altera/13.0sp1/quartus/libraries/megafunctions/cmpconst.inc                       ;         ;
; lpm_compare.inc                  ; yes             ; Megafunction                       ; c:/altera/13.0sp1/quartus/libraries/megafunctions/lpm_compare.inc                    ;         ;
; lpm_counter.inc                  ; yes             ; Megafunction                       ; c:/altera/13.0sp1/quartus/libraries/megafunctions/lpm_counter.inc                    ;         ;
; dffeea.inc                       ; yes             ; Megafunction                       ; c:/altera/13.0sp1/quartus/libraries/megafunctions/dffeea.inc                         ;         ;
; alt_counter_stratix.inc          ; yes             ; Megafunction                       ; c:/altera/13.0sp1/quartus/libraries/megafunctions/alt_counter_stratix.inc            ;         ;
; aglobal130.inc                   ; yes             ; Megafunction                       ; c:/altera/13.0sp1/quartus/libraries/megafunctions/aglobal130.inc                     ;         ;
; db/cntr_rql.tdf                  ; yes             ; Auto-Generated Megafunction        ; //icnas2.cc.ic.ac.uk/gsp14/Desktop/FPGA Lab/stopwatch2works/db/cntr_rql.tdf          ;         ;
; db/cmpr_hfc.tdf                  ; yes             ; Auto-Generated Megafunction        ; //icnas2.cc.ic.ac.uk/gsp14/Desktop/FPGA Lab/stopwatch2works/db/cmpr_hfc.tdf          ;         ;
; lpm_compare.tdf                  ; yes             ; Megafunction                       ; c:/altera/13.0sp1/quartus/libraries/megafunctions/lpm_compare.tdf                    ;         ;
; comptree.inc                     ; yes             ; Megafunction                       ; c:/altera/13.0sp1/quartus/libraries/megafunctions/comptree.inc                       ;         ;
; altshift.inc                     ; yes             ; Megafunction                       ; c:/altera/13.0sp1/quartus/libraries/megafunctions/altshift.inc                       ;         ;
; db/cmpr_fcj.tdf                  ; yes             ; Auto-Generated Megafunction        ; //icnas2.cc.ic.ac.uk/gsp14/Desktop/FPGA Lab/stopwatch2works/db/cmpr_fcj.tdf          ;         ;
; db/cntr_5si.tdf                  ; yes             ; Auto-Generated Megafunction        ; //icnas2.cc.ic.ac.uk/gsp14/Desktop/FPGA Lab/stopwatch2works/db/cntr_5si.tdf          ;         ;
; db/cmpr_tpi.tdf                  ; yes             ; Auto-Generated Megafunction        ; //icnas2.cc.ic.ac.uk/gsp14/Desktop/FPGA Lab/stopwatch2works/db/cmpr_tpi.tdf          ;         ;
; db/cntr_u5k.tdf                  ; yes             ; Auto-Generated Megafunction        ; //icnas2.cc.ic.ac.uk/gsp14/Desktop/FPGA Lab/stopwatch2works/db/cntr_u5k.tdf          ;         ;
+----------------------------------+-----------------+------------------------------------+--------------------------------------------------------------------------------------+---------+


+------------------------------------------------------+
; Analysis & Synthesis Resource Usage Summary          ;
+---------------------------------------------+--------+
; Resource                                    ; Usage  ;
+---------------------------------------------+--------+
; Estimated Total logic elements              ; 124    ;
;                                             ;        ;
; Total combinational functions               ; 123    ;
; Logic element usage by number of LUT inputs ;        ;
;     -- 4 input functions                    ; 32     ;
;     -- 3 input functions                    ; 28     ;
;     -- <=2 input functions                  ; 63     ;
;                                             ;        ;
; Logic elements by mode                      ;        ;
;     -- normal mode                          ; 77     ;
;     -- arithmetic mode                      ; 46     ;
;                                             ;        ;
; Total registers                             ; 48     ;
;     -- Dedicated logic registers            ; 48     ;
;     -- I/O registers                        ; 0      ;
;                                             ;        ;
; I/O pins                                    ; 37     ;
; Embedded Multiplier 9-bit elements          ; 0      ;
; Maximum fan-out node                        ; inst17 ;
; Maximum fan-out                             ; 31     ;
; Total fan-out                               ; 636    ;
; Average fan-out                             ; 2.60   ;
+---------------------------------------------+--------+


+-------------------------------------------------------------------------------------------------------------------------------------------------------------------------------------------------------------------------------------------------------------------------------------------------------+
; Analysis & Synthesis Resource Utilization by Entity                                                                                                                                                                                                                                                   ;
+----------------------------------------------+-------------------+--------------+-------------+--------------+---------+-----------+------+--------------+-----------------------------------------------------------------------------------------------------------------------------+--------------+
; Compilation Hierarchy Node                   ; LC Combinationals ; LC Registers ; Memory Bits ; DSP Elements ; DSP 9x9 ; DSP 18x18 ; Pins ; Virtual Pins ; Full Hierarchy Name                                                                                                         ; Library Name ;
+----------------------------------------------+-------------------+--------------+-------------+--------------+---------+-----------+------+--------------+-----------------------------------------------------------------------------------------------------------------------------+--------------+
; |stopwatch                                   ; 123 (1)           ; 48 (1)       ; 0           ; 0            ; 0       ; 0         ; 37   ; 0            ; |stopwatch                                                                                                                  ; work         ;
;    |4bitregisterrw:inst11|                   ; 4 (4)             ; 0 (0)        ; 0           ; 0            ; 0       ; 0         ; 0    ; 0            ; |stopwatch|4bitregisterrw:inst11                                                                                            ; work         ;
;    |4bitregisterrw:inst12|                   ; 4 (4)             ; 0 (0)        ; 0           ; 0            ; 0       ; 0         ; 0    ; 0            ; |stopwatch|4bitregisterrw:inst12                                                                                            ; work         ;
;    |4bitregisterrw:inst13|                   ; 4 (4)             ; 0 (0)        ; 0           ; 0            ; 0       ; 0         ; 0    ; 0            ; |stopwatch|4bitregisterrw:inst13                                                                                            ; work         ;
;    |4bitregisterrw:inst14|                   ; 4 (4)             ; 0 (0)        ; 0           ; 0            ; 0       ; 0         ; 0    ; 0            ; |stopwatch|4bitregisterrw:inst14                                                                                            ; work         ;
;    |counters2:inst2|                         ; 28 (0)            ; 16 (0)       ; 0           ; 0            ; 0       ; 0         ; 0    ; 0            ; |stopwatch|counters2:inst2                                                                                                  ; work         ;
;       |counter:100mscounter1|                ; 7 (0)             ; 4 (0)        ; 0           ; 0            ; 0       ; 0         ; 0    ; 0            ; |stopwatch|counters2:inst2|counter:100mscounter1                                                                            ; work         ;
;          |lpm_counter:LPM_COUNTER_component| ; 7 (0)             ; 4 (0)        ; 0           ; 0            ; 0       ; 0         ; 0    ; 0            ; |stopwatch|counters2:inst2|counter:100mscounter1|lpm_counter:LPM_COUNTER_component                                          ; work         ;
;             |cntr_rql:auto_generated|        ; 7 (6)             ; 4 (4)        ; 0           ; 0            ; 0       ; 0         ; 0    ; 0            ; |stopwatch|counters2:inst2|counter:100mscounter1|lpm_counter:LPM_COUNTER_component|cntr_rql:auto_generated                  ; work         ;
;                |cmpr_hfc:cmpr1|              ; 1 (1)             ; 0 (0)        ; 0           ; 0            ; 0       ; 0         ; 0    ; 0            ; |stopwatch|counters2:inst2|counter:100mscounter1|lpm_counter:LPM_COUNTER_component|cntr_rql:auto_generated|cmpr_hfc:cmpr1   ; work         ;
;       |counter:10mscounter|                  ; 7 (0)             ; 4 (0)        ; 0           ; 0            ; 0       ; 0         ; 0    ; 0            ; |stopwatch|counters2:inst2|counter:10mscounter                                                                              ; work         ;
;          |lpm_counter:LPM_COUNTER_component| ; 7 (0)             ; 4 (0)        ; 0           ; 0            ; 0       ; 0         ; 0    ; 0            ; |stopwatch|counters2:inst2|counter:10mscounter|lpm_counter:LPM_COUNTER_component                                            ; work         ;
;             |cntr_rql:auto_generated|        ; 7 (6)             ; 4 (4)        ; 0           ; 0            ; 0       ; 0         ; 0    ; 0            ; |stopwatch|counters2:inst2|counter:10mscounter|lpm_counter:LPM_COUNTER_component|cntr_rql:auto_generated                    ; work         ;
;                |cmpr_hfc:cmpr1|              ; 1 (1)             ; 0 (0)        ; 0           ; 0            ; 0       ; 0         ; 0    ; 0            ; |stopwatch|counters2:inst2|counter:10mscounter|lpm_counter:LPM_COUNTER_component|cntr_rql:auto_generated|cmpr_hfc:cmpr1     ; work         ;
;       |counter:10scounter3|                  ; 7 (0)             ; 4 (0)        ; 0           ; 0            ; 0       ; 0         ; 0    ; 0            ; |stopwatch|counters2:inst2|counter:10scounter3                                                                              ; work         ;
;          |lpm_counter:LPM_COUNTER_component| ; 7 (0)             ; 4 (0)        ; 0           ; 0            ; 0       ; 0         ; 0    ; 0            ; |stopwatch|counters2:inst2|counter:10scounter3|lpm_counter:LPM_COUNTER_component                                            ; work         ;
;             |cntr_rql:auto_generated|        ; 7 (6)             ; 4 (4)        ; 0           ; 0            ; 0       ; 0         ; 0    ; 0            ; |stopwatch|counters2:inst2|counter:10scounter3|lpm_counter:LPM_COUNTER_component|cntr_rql:auto_generated                    ; work         ;
;                |cmpr_hfc:cmpr1|              ; 1 (1)             ; 0 (0)        ; 0           ; 0            ; 0       ; 0         ; 0    ; 0            ; |stopwatch|counters2:inst2|counter:10scounter3|lpm_counter:LPM_COUNTER_component|cntr_rql:auto_generated|cmpr_hfc:cmpr1     ; work         ;
;       |counter:1scounter2|                   ; 7 (0)             ; 4 (0)        ; 0           ; 0            ; 0       ; 0         ; 0    ; 0            ; |stopwatch|counters2:inst2|counter:1scounter2                                                                               ; work         ;
;          |lpm_counter:LPM_COUNTER_component| ; 7 (0)             ; 4 (0)        ; 0           ; 0            ; 0       ; 0         ; 0    ; 0            ; |stopwatch|counters2:inst2|counter:1scounter2|lpm_counter:LPM_COUNTER_component                                             ; work         ;
;             |cntr_rql:auto_generated|        ; 7 (6)             ; 4 (4)        ; 0           ; 0            ; 0       ; 0         ; 0    ; 0            ; |stopwatch|counters2:inst2|counter:1scounter2|lpm_counter:LPM_COUNTER_component|cntr_rql:auto_generated                     ; work         ;
;                |cmpr_hfc:cmpr1|              ; 1 (1)             ; 0 (0)        ; 0           ; 0            ; 0       ; 0         ; 0    ; 0            ; |stopwatch|counters2:inst2|counter:1scounter2|lpm_counter:LPM_COUNTER_component|cntr_rql:auto_generated|cmpr_hfc:cmpr1      ; work         ;
;    |decode_7segment:inst4|                   ; 7 (7)             ; 0 (0)        ; 0           ; 0            ; 0       ; 0         ; 0    ; 0            ; |stopwatch|decode_7segment:inst4                                                                                            ; work         ;
;    |decode_7segment:inst5|                   ; 7 (7)             ; 0 (0)        ; 0           ; 0            ; 0       ; 0         ; 0    ; 0            ; |stopwatch|decode_7segment:inst5                                                                                            ; work         ;
;    |decode_7segment:inst6|                   ; 7 (7)             ; 0 (0)        ; 0           ; 0            ; 0       ; 0         ; 0    ; 0            ; |stopwatch|decode_7segment:inst6                                                                                            ; work         ;
;    |decode_7segment:inst7|                   ; 7 (7)             ; 0 (0)        ; 0           ; 0            ; 0       ; 0         ; 0    ; 0            ; |stopwatch|decode_7segment:inst7                                                                                            ; work         ;
;    |tick_generator:inst|                     ; 50 (1)            ; 31 (0)       ; 0           ; 0            ; 0       ; 0         ; 0    ; 0            ; |stopwatch|tick_generator:inst                                                                                              ; work         ;
;       |bigcounter1:inst3|                    ; 19 (0)            ; 19 (0)       ; 0           ; 0            ; 0       ; 0         ; 0    ; 0            ; |stopwatch|tick_generator:inst|bigcounter1:inst3                                                                            ; work         ;
;          |lpm_counter:LPM_COUNTER_component| ; 19 (0)            ; 19 (0)       ; 0           ; 0            ; 0       ; 0         ; 0    ; 0            ; |stopwatch|tick_generator:inst|bigcounter1:inst3|lpm_counter:LPM_COUNTER_component                                          ; work         ;
;             |cntr_5si:auto_generated|        ; 19 (19)           ; 19 (19)      ; 0           ; 0            ; 0       ; 0         ; 0    ; 0            ; |stopwatch|tick_generator:inst|bigcounter1:inst3|lpm_counter:LPM_COUNTER_component|cntr_5si:auto_generated                  ; work         ;
;       |lpm_compare1:inst1|                   ; 6 (0)             ; 0 (0)        ; 0           ; 0            ; 0       ; 0         ; 0    ; 0            ; |stopwatch|tick_generator:inst|lpm_compare1:inst1                                                                           ; work         ;
;          |lpm_compare:LPM_COMPARE_component| ; 6 (0)             ; 0 (0)        ; 0           ; 0            ; 0       ; 0         ; 0    ; 0            ; |stopwatch|tick_generator:inst|lpm_compare1:inst1|lpm_compare:LPM_COMPARE_component                                         ; work         ;
;             |cmpr_fcj:auto_generated|        ; 6 (6)             ; 0 (0)        ; 0           ; 0            ; 0       ; 0         ; 0    ; 0            ; |stopwatch|tick_generator:inst|lpm_compare1:inst1|lpm_compare:LPM_COMPARE_component|cmpr_fcj:auto_generated                 ; work         ;
;       |lpm_compare2:inst2|                   ; 1 (0)             ; 0 (0)        ; 0           ; 0            ; 0       ; 0         ; 0    ; 0            ; |stopwatch|tick_generator:inst|lpm_compare2:inst2                                                                           ; work         ;
;          |lpm_compare:LPM_COMPARE_component| ; 1 (0)             ; 0 (0)        ; 0           ; 0            ; 0       ; 0         ; 0    ; 0            ; |stopwatch|tick_generator:inst|lpm_compare2:inst2|lpm_compare:LPM_COMPARE_component                                         ; work         ;
;             |cmpr_tpi:auto_generated|        ; 1 (1)             ; 0 (0)        ; 0           ; 0            ; 0       ; 0         ; 0    ; 0            ; |stopwatch|tick_generator:inst|lpm_compare2:inst2|lpm_compare:LPM_COMPARE_component|cmpr_tpi:auto_generated                 ; work         ;
;       |lpm_compare2:inst4|                   ; 1 (0)             ; 0 (0)        ; 0           ; 0            ; 0       ; 0         ; 0    ; 0            ; |stopwatch|tick_generator:inst|lpm_compare2:inst4                                                                           ; work         ;
;          |lpm_compare:LPM_COMPARE_component| ; 1 (0)             ; 0 (0)        ; 0           ; 0            ; 0       ; 0         ; 0    ; 0            ; |stopwatch|tick_generator:inst|lpm_compare2:inst4|lpm_compare:LPM_COMPARE_component                                         ; work         ;
;             |cmpr_tpi:auto_generated|        ; 1 (1)             ; 0 (0)        ; 0           ; 0            ; 0       ; 0         ; 0    ; 0            ; |stopwatch|tick_generator:inst|lpm_compare2:inst4|lpm_compare:LPM_COMPARE_component|cmpr_tpi:auto_generated                 ; work         ;
;       |lpm_compare2:inst7|                   ; 1 (0)             ; 0 (0)        ; 0           ; 0            ; 0       ; 0         ; 0    ; 0            ; |stopwatch|tick_generator:inst|lpm_compare2:inst7                                                                           ; work         ;
;          |lpm_compare:LPM_COMPARE_component| ; 1 (0)             ; 0 (0)        ; 0           ; 0            ; 0       ; 0         ; 0    ; 0            ; |stopwatch|tick_generator:inst|lpm_compare2:inst7|lpm_compare:LPM_COMPARE_component                                         ; work         ;
;             |cmpr_tpi:auto_generated|        ; 1 (1)             ; 0 (0)        ; 0           ; 0            ; 0       ; 0         ; 0    ; 0            ; |stopwatch|tick_generator:inst|lpm_compare2:inst7|lpm_compare:LPM_COMPARE_component|cmpr_tpi:auto_generated                 ; work         ;
;       |lpm_counter0:inst11|                  ; 7 (0)             ; 4 (0)        ; 0           ; 0            ; 0       ; 0         ; 0    ; 0            ; |stopwatch|tick_generator:inst|lpm_counter0:inst11                                                                          ; work         ;
;          |lpm_counter:LPM_COUNTER_component| ; 7 (0)             ; 4 (0)        ; 0           ; 0            ; 0       ; 0         ; 0    ; 0            ; |stopwatch|tick_generator:inst|lpm_counter0:inst11|lpm_counter:LPM_COUNTER_component                                        ; work         ;
;             |cntr_u5k:auto_generated|        ; 7 (6)             ; 4 (4)        ; 0           ; 0            ; 0       ; 0         ; 0    ; 0            ; |stopwatch|tick_generator:inst|lpm_counter0:inst11|lpm_counter:LPM_COUNTER_component|cntr_u5k:auto_generated                ; work         ;
;                |cmpr_hfc:cmpr1|              ; 1 (1)             ; 0 (0)        ; 0           ; 0            ; 0       ; 0         ; 0    ; 0            ; |stopwatch|tick_generator:inst|lpm_counter0:inst11|lpm_counter:LPM_COUNTER_component|cntr_u5k:auto_generated|cmpr_hfc:cmpr1 ; work         ;
;       |lpm_counter0:inst5|                   ; 7 (0)             ; 4 (0)        ; 0           ; 0            ; 0       ; 0         ; 0    ; 0            ; |stopwatch|tick_generator:inst|lpm_counter0:inst5                                                                           ; work         ;
;          |lpm_counter:LPM_COUNTER_component| ; 7 (0)             ; 4 (0)        ; 0           ; 0            ; 0       ; 0         ; 0    ; 0            ; |stopwatch|tick_generator:inst|lpm_counter0:inst5|lpm_counter:LPM_COUNTER_component                                         ; work         ;
;             |cntr_u5k:auto_generated|        ; 7 (6)             ; 4 (4)        ; 0           ; 0            ; 0       ; 0         ; 0    ; 0            ; |stopwatch|tick_generator:inst|lpm_counter0:inst5|lpm_counter:LPM_COUNTER_component|cntr_u5k:auto_generated                 ; work         ;
;                |cmpr_hfc:cmpr1|              ; 1 (1)             ; 0 (0)        ; 0           ; 0            ; 0       ; 0         ; 0    ; 0            ; |stopwatch|tick_generator:inst|lpm_counter0:inst5|lpm_counter:LPM_COUNTER_component|cntr_u5k:auto_generated|cmpr_hfc:cmpr1  ; work         ;
;       |lpm_counter0:inst6|                   ; 7 (0)             ; 4 (0)        ; 0           ; 0            ; 0       ; 0         ; 0    ; 0            ; |stopwatch|tick_generator:inst|lpm_counter0:inst6                                                                           ; work         ;
;          |lpm_counter:LPM_COUNTER_component| ; 7 (0)             ; 4 (0)        ; 0           ; 0            ; 0       ; 0         ; 0    ; 0            ; |stopwatch|tick_generator:inst|lpm_counter0:inst6|lpm_counter:LPM_COUNTER_component                                         ; work         ;
;             |cntr_u5k:auto_generated|        ; 7 (6)             ; 4 (4)        ; 0           ; 0            ; 0       ; 0         ; 0    ; 0            ; |stopwatch|tick_generator:inst|lpm_counter0:inst6|lpm_counter:LPM_COUNTER_component|cntr_u5k:auto_generated                 ; work         ;
;                |cmpr_hfc:cmpr1|              ; 1 (1)             ; 0 (0)        ; 0           ; 0            ; 0       ; 0         ; 0    ; 0            ; |stopwatch|tick_generator:inst|lpm_counter0:inst6|lpm_counter:LPM_COUNTER_component|cntr_u5k:auto_generated|cmpr_hfc:cmpr1  ; work         ;
+----------------------------------------------+-------------------+--------------+-------------+--------------+---------+-----------+------+--------------+-----------------------------------------------------------------------------------------------------------------------------+--------------+
Note: For table entries with two numbers listed, the numbers in parentheses indicate the number of resources of the given type used by the specific entity alone. The numbers listed outside of parentheses indicate the total resources of the given type used by the specific entity and all of its sub-entities in the hierarchy.


+---------------------------------------------------------------------------------------------------------------------------------------------------------------------------------------------------+
; Analysis & Synthesis IP Cores Summary                                                                                                                                                             ;
+--------+--------------+---------+--------------+--------------+----------------------------------------------------+------------------------------------------------------------------------------+
; Vendor ; IP Core Name ; Version ; Release Date ; License Type ; Entity Instance                                    ; IP Include File                                                              ;
+--------+--------------+---------+--------------+--------------+----------------------------------------------------+------------------------------------------------------------------------------+
; Altera ; LPM_COMPARE  ; 13.0    ; N/A          ; N/A          ; |stopwatch|tick_generator:inst|lpm_compare1:inst1  ; //icnas2.cc.ic.ac.uk/gsp14/Desktop/FPGA Lab/stopwatch2works/lpm_compare1.vhd ;
; Altera ; LPM_COMPARE  ; 13.0    ; N/A          ; N/A          ; |stopwatch|tick_generator:inst|lpm_compare2:inst2  ; //icnas2.cc.ic.ac.uk/gsp14/Desktop/FPGA Lab/stopwatch2works/lpm_compare2.vhd ;
; Altera ; LPM_COUNTER  ; 13.0    ; N/A          ; N/A          ; |stopwatch|tick_generator:inst|bigcounter1:inst3   ; //icnas2.cc.ic.ac.uk/gsp14/Desktop/FPGA Lab/stopwatch2works/bigcounter1.vhd  ;
; Altera ; LPM_COMPARE  ; 13.0    ; N/A          ; N/A          ; |stopwatch|tick_generator:inst|lpm_compare2:inst4  ; //icnas2.cc.ic.ac.uk/gsp14/Desktop/FPGA Lab/stopwatch2works/lpm_compare2.vhd ;
; Altera ; LPM_COUNTER  ; 13.0    ; N/A          ; N/A          ; |stopwatch|tick_generator:inst|lpm_counter0:inst5  ; //icnas2.cc.ic.ac.uk/gsp14/Desktop/FPGA Lab/stopwatch2works/lpm_counter0.vhd ;
; Altera ; LPM_COUNTER  ; 13.0    ; N/A          ; N/A          ; |stopwatch|tick_generator:inst|lpm_counter0:inst6  ; //icnas2.cc.ic.ac.uk/gsp14/Desktop/FPGA Lab/stopwatch2works/lpm_counter0.vhd ;
; Altera ; LPM_COMPARE  ; 13.0    ; N/A          ; N/A          ; |stopwatch|tick_generator:inst|lpm_compare2:inst7  ; //icnas2.cc.ic.ac.uk/gsp14/Desktop/FPGA Lab/stopwatch2works/lpm_compare2.vhd ;
; Altera ; LPM_COUNTER  ; 13.0    ; N/A          ; N/A          ; |stopwatch|tick_generator:inst|lpm_counter0:inst11 ; //icnas2.cc.ic.ac.uk/gsp14/Desktop/FPGA Lab/stopwatch2works/lpm_counter0.vhd ;
; Altera ; LPM_COUNTER  ; 13.0    ; N/A          ; N/A          ; |stopwatch|counters2:inst2|counter:1scounter2      ; //icnas2.cc.ic.ac.uk/gsp14/Desktop/FPGA Lab/stopwatch2works/counter.vhd      ;
; Altera ; LPM_COUNTER  ; 13.0    ; N/A          ; N/A          ; |stopwatch|counters2:inst2|counter:10mscounter     ; //icnas2.cc.ic.ac.uk/gsp14/Desktop/FPGA Lab/stopwatch2works/counter.vhd      ;
; Altera ; LPM_COUNTER  ; 13.0    ; N/A          ; N/A          ; |stopwatch|counters2:inst2|counter:10scounter3     ; //icnas2.cc.ic.ac.uk/gsp14/Desktop/FPGA Lab/stopwatch2works/counter.vhd      ;
; Altera ; LPM_COUNTER  ; 13.0    ; N/A          ; N/A          ; |stopwatch|counters2:inst2|counter:100mscounter1   ; //icnas2.cc.ic.ac.uk/gsp14/Desktop/FPGA Lab/stopwatch2works/counter.vhd      ;
+--------+--------------+---------+--------------+--------------+----------------------------------------------------+------------------------------------------------------------------------------+


+-------------------------------------------------------------+
; Logic Cells Representing Combinational Loops                ;
+--------------------------------------------------------+----+
; Logic Cell Name                                        ;    ;
+--------------------------------------------------------+----+
; 4bitregisterrw:inst11|inst11~0                         ;    ;
; 4bitregisterrw:inst11|inst16~0                         ;    ;
; 4bitregisterrw:inst11|inst21~0                         ;    ;
; 4bitregisterrw:inst11|inst6~0                          ;    ;
; 4bitregisterrw:inst12|inst11~0                         ;    ;
; 4bitregisterrw:inst12|inst16~0                         ;    ;
; 4bitregisterrw:inst12|inst21~0                         ;    ;
; 4bitregisterrw:inst12|inst6~0                          ;    ;
; 4bitregisterrw:inst13|inst11~0                         ;    ;
; 4bitregisterrw:inst13|inst16~0                         ;    ;
; 4bitregisterrw:inst13|inst21~0                         ;    ;
; 4bitregisterrw:inst13|inst6~0                          ;    ;
; 4bitregisterrw:inst14|inst11~0                         ;    ;
; 4bitregisterrw:inst14|inst16~0                         ;    ;
; 4bitregisterrw:inst14|inst21~0                         ;    ;
; 4bitregisterrw:inst14|inst6~0                          ;    ;
; Number of logic cells representing combinational loops ; 16 ;
+--------------------------------------------------------+----+
Note: All cells listed above may not be present at the end of synthesis due to various synthesis optimizations.


+------------------------------------------------------+
; General Register Statistics                          ;
+----------------------------------------------+-------+
; Statistic                                    ; Value ;
+----------------------------------------------+-------+
; Total registers                              ; 48    ;
; Number of registers using Synchronous Clear  ; 0     ;
; Number of registers using Synchronous Load   ; 28    ;
; Number of registers using Asynchronous Clear ; 48    ;
; Number of registers using Asynchronous Load  ; 0     ;
; Number of registers using Clock Enable       ; 47    ;
; Number of registers using Preset             ; 0     ;
+----------------------------------------------+-------+


+--------------------------------------------------------------------------------------------------------------------+
; Parameter Settings for User Entity Instance: counters2:inst2|counter:10mscounter|lpm_counter:LPM_COUNTER_component ;
+------------------------+-------------+-----------------------------------------------------------------------------+
; Parameter Name         ; Value       ; Type                                                                        ;
+------------------------+-------------+-----------------------------------------------------------------------------+
; AUTO_CARRY_CHAINS      ; ON          ; AUTO_CARRY                                                                  ;
; IGNORE_CARRY_BUFFERS   ; OFF         ; IGNORE_CARRY                                                                ;
; AUTO_CASCADE_CHAINS    ; ON          ; AUTO_CASCADE                                                                ;
; IGNORE_CASCADE_BUFFERS ; OFF         ; IGNORE_CASCADE                                                              ;
; LPM_WIDTH              ; 4           ; Signed Integer                                                              ;
; LPM_DIRECTION          ; UP          ; Untyped                                                                     ;
; LPM_MODULUS            ; 10          ; Signed Integer                                                              ;
; LPM_AVALUE             ; 0           ; Untyped                                                                     ;
; LPM_SVALUE             ; UNUSED      ; Untyped                                                                     ;
; LPM_PORT_UPDOWN        ; PORT_UNUSED ; Untyped                                                                     ;
; DEVICE_FAMILY          ; Cyclone III ; Untyped                                                                     ;
; CARRY_CHAIN            ; MANUAL      ; Untyped                                                                     ;
; CARRY_CHAIN_LENGTH     ; 48          ; CARRY_CHAIN_LENGTH                                                          ;
; NOT_GATE_PUSH_BACK     ; ON          ; NOT_GATE_PUSH_BACK                                                          ;
; CARRY_CNT_EN           ; SMART       ; Untyped                                                                     ;
; LABWIDE_SCLR           ; ON          ; Untyped                                                                     ;
; USE_NEW_VERSION        ; TRUE        ; Untyped                                                                     ;
; CBXI_PARAMETER         ; cntr_rql    ; Untyped                                                                     ;
+------------------------+-------------+-----------------------------------------------------------------------------+
Note: In order to hide this table in the UI and the text report file, please set the "Show Parameter Settings in Synthesis Report" option in "Analysis and Synthesis Settings -> More Settings" to "Off".


+----------------------------------------------------------------------------------------------------------------------+
; Parameter Settings for User Entity Instance: counters2:inst2|counter:100mscounter1|lpm_counter:LPM_COUNTER_component ;
+------------------------+-------------+-------------------------------------------------------------------------------+
; Parameter Name         ; Value       ; Type                                                                          ;
+------------------------+-------------+-------------------------------------------------------------------------------+
; AUTO_CARRY_CHAINS      ; ON          ; AUTO_CARRY                                                                    ;
; IGNORE_CARRY_BUFFERS   ; OFF         ; IGNORE_CARRY                                                                  ;
; AUTO_CASCADE_CHAINS    ; ON          ; AUTO_CASCADE                                                                  ;
; IGNORE_CASCADE_BUFFERS ; OFF         ; IGNORE_CASCADE                                                                ;
; LPM_WIDTH              ; 4           ; Signed Integer                                                                ;
; LPM_DIRECTION          ; UP          ; Untyped                                                                       ;
; LPM_MODULUS            ; 10          ; Signed Integer                                                                ;
; LPM_AVALUE             ; 0           ; Untyped                                                                       ;
; LPM_SVALUE             ; UNUSED      ; Untyped                                                                       ;
; LPM_PORT_UPDOWN        ; PORT_UNUSED ; Untyped                                                                       ;
; DEVICE_FAMILY          ; Cyclone III ; Untyped                                                                       ;
; CARRY_CHAIN            ; MANUAL      ; Untyped                                                                       ;
; CARRY_CHAIN_LENGTH     ; 48          ; CARRY_CHAIN_LENGTH                                                            ;
; NOT_GATE_PUSH_BACK     ; ON          ; NOT_GATE_PUSH_BACK                                                            ;
; CARRY_CNT_EN           ; SMART       ; Untyped                                                                       ;
; LABWIDE_SCLR           ; ON          ; Untyped                                                                       ;
; USE_NEW_VERSION        ; TRUE        ; Untyped                                                                       ;
; CBXI_PARAMETER         ; cntr_rql    ; Untyped                                                                       ;
+------------------------+-------------+-------------------------------------------------------------------------------+
Note: In order to hide this table in the UI and the text report file, please set the "Show Parameter Settings in Synthesis Report" option in "Analysis and Synthesis Settings -> More Settings" to "Off".


+-------------------------------------------------------------------------------------------------------------------+
; Parameter Settings for User Entity Instance: counters2:inst2|counter:1scounter2|lpm_counter:LPM_COUNTER_component ;
+------------------------+-------------+----------------------------------------------------------------------------+
; Parameter Name         ; Value       ; Type                                                                       ;
+------------------------+-------------+----------------------------------------------------------------------------+
; AUTO_CARRY_CHAINS      ; ON          ; AUTO_CARRY                                                                 ;
; IGNORE_CARRY_BUFFERS   ; OFF         ; IGNORE_CARRY                                                               ;
; AUTO_CASCADE_CHAINS    ; ON          ; AUTO_CASCADE                                                               ;
; IGNORE_CASCADE_BUFFERS ; OFF         ; IGNORE_CASCADE                                                             ;
; LPM_WIDTH              ; 4           ; Signed Integer                                                             ;
; LPM_DIRECTION          ; UP          ; Untyped                                                                    ;
; LPM_MODULUS            ; 10          ; Signed Integer                                                             ;
; LPM_AVALUE             ; 0           ; Untyped                                                                    ;
; LPM_SVALUE             ; UNUSED      ; Untyped                                                                    ;
; LPM_PORT_UPDOWN        ; PORT_UNUSED ; Untyped                                                                    ;
; DEVICE_FAMILY          ; Cyclone III ; Untyped                                                                    ;
; CARRY_CHAIN            ; MANUAL      ; Untyped                                                                    ;
; CARRY_CHAIN_LENGTH     ; 48          ; CARRY_CHAIN_LENGTH                                                         ;
; NOT_GATE_PUSH_BACK     ; ON          ; NOT_GATE_PUSH_BACK                                                         ;
; CARRY_CNT_EN           ; SMART       ; Untyped                                                                    ;
; LABWIDE_SCLR           ; ON          ; Untyped                                                                    ;
; USE_NEW_VERSION        ; TRUE        ; Untyped                                                                    ;
; CBXI_PARAMETER         ; cntr_rql    ; Untyped                                                                    ;
+------------------------+-------------+----------------------------------------------------------------------------+
Note: In order to hide this table in the UI and the text report file, please set the "Show Parameter Settings in Synthesis Report" option in "Analysis and Synthesis Settings -> More Settings" to "Off".


+--------------------------------------------------------------------------------------------------------------------+
; Parameter Settings for User Entity Instance: counters2:inst2|counter:10scounter3|lpm_counter:LPM_COUNTER_component ;
+------------------------+-------------+-----------------------------------------------------------------------------+
; Parameter Name         ; Value       ; Type                                                                        ;
+------------------------+-------------+-----------------------------------------------------------------------------+
; AUTO_CARRY_CHAINS      ; ON          ; AUTO_CARRY                                                                  ;
; IGNORE_CARRY_BUFFERS   ; OFF         ; IGNORE_CARRY                                                                ;
; AUTO_CASCADE_CHAINS    ; ON          ; AUTO_CASCADE                                                                ;
; IGNORE_CASCADE_BUFFERS ; OFF         ; IGNORE_CASCADE                                                              ;
; LPM_WIDTH              ; 4           ; Signed Integer                                                              ;
; LPM_DIRECTION          ; UP          ; Untyped                                                                     ;
; LPM_MODULUS            ; 10          ; Signed Integer                                                              ;
; LPM_AVALUE             ; 0           ; Untyped                                                                     ;
; LPM_SVALUE             ; UNUSED      ; Untyped                                                                     ;
; LPM_PORT_UPDOWN        ; PORT_UNUSED ; Untyped                                                                     ;
; DEVICE_FAMILY          ; Cyclone III ; Untyped                                                                     ;
; CARRY_CHAIN            ; MANUAL      ; Untyped                                                                     ;
; CARRY_CHAIN_LENGTH     ; 48          ; CARRY_CHAIN_LENGTH                                                          ;
; NOT_GATE_PUSH_BACK     ; ON          ; NOT_GATE_PUSH_BACK                                                          ;
; CARRY_CNT_EN           ; SMART       ; Untyped                                                                     ;
; LABWIDE_SCLR           ; ON          ; Untyped                                                                     ;
; USE_NEW_VERSION        ; TRUE        ; Untyped                                                                     ;
; CBXI_PARAMETER         ; cntr_rql    ; Untyped                                                                     ;
+------------------------+-------------+-----------------------------------------------------------------------------+
Note: In order to hide this table in the UI and the text report file, please set the "Show Parameter Settings in Synthesis Report" option in "Analysis and Synthesis Settings -> More Settings" to "Off".


+-----------------------------------------------------------------------------------------------------------------------+
; Parameter Settings for User Entity Instance: tick_generator:inst|lpm_compare1:inst1|lpm_compare:LPM_COMPARE_component ;
+------------------------+-------------+--------------------------------------------------------------------------------+
; Parameter Name         ; Value       ; Type                                                                           ;
+------------------------+-------------+--------------------------------------------------------------------------------+
; lpm_width              ; 19          ; Signed Integer                                                                 ;
; LPM_REPRESENTATION     ; UNSIGNED    ; Untyped                                                                        ;
; LPM_PIPELINE           ; 0           ; Untyped                                                                        ;
; CHAIN_SIZE             ; 8           ; Untyped                                                                        ;
; ONE_INPUT_IS_CONSTANT  ; YES         ; Untyped                                                                        ;
; CARRY_CHAIN            ; MANUAL      ; Untyped                                                                        ;
; CASCADE_CHAIN          ; MANUAL      ; Untyped                                                                        ;
; CARRY_CHAIN_LENGTH     ; 48          ; CARRY_CHAIN_LENGTH                                                             ;
; CASCADE_CHAIN_LENGTH   ; 2           ; CASCADE_CHAIN_LENGTH                                                           ;
; DEVICE_FAMILY          ; Cyclone III ; Untyped                                                                        ;
; CBXI_PARAMETER         ; cmpr_fcj    ; Untyped                                                                        ;
; AUTO_CARRY_CHAINS      ; ON          ; AUTO_CARRY                                                                     ;
; IGNORE_CARRY_BUFFERS   ; OFF         ; IGNORE_CARRY                                                                   ;
; AUTO_CASCADE_CHAINS    ; ON          ; AUTO_CASCADE                                                                   ;
; IGNORE_CASCADE_BUFFERS ; OFF         ; IGNORE_CASCADE                                                                 ;
+------------------------+-------------+--------------------------------------------------------------------------------+
Note: In order to hide this table in the UI and the text report file, please set the "Show Parameter Settings in Synthesis Report" option in "Analysis and Synthesis Settings -> More Settings" to "Off".


+----------------------------------------------------------------------------------------------------------------------+
; Parameter Settings for User Entity Instance: tick_generator:inst|bigcounter1:inst3|lpm_counter:LPM_COUNTER_component ;
+------------------------+-------------+-------------------------------------------------------------------------------+
; Parameter Name         ; Value       ; Type                                                                          ;
+------------------------+-------------+-------------------------------------------------------------------------------+
; AUTO_CARRY_CHAINS      ; ON          ; AUTO_CARRY                                                                    ;
; IGNORE_CARRY_BUFFERS   ; OFF         ; IGNORE_CARRY                                                                  ;
; AUTO_CASCADE_CHAINS    ; ON          ; AUTO_CASCADE                                                                  ;
; IGNORE_CASCADE_BUFFERS ; OFF         ; IGNORE_CASCADE                                                                ;
; LPM_WIDTH              ; 19          ; Signed Integer                                                                ;
; LPM_DIRECTION          ; UP          ; Untyped                                                                       ;
; LPM_MODULUS            ; 0           ; Untyped                                                                       ;
; LPM_AVALUE             ; UNUSED      ; Untyped                                                                       ;
; LPM_SVALUE             ; UNUSED      ; Untyped                                                                       ;
; LPM_PORT_UPDOWN        ; PORT_UNUSED ; Untyped                                                                       ;
; DEVICE_FAMILY          ; Cyclone III ; Untyped                                                                       ;
; CARRY_CHAIN            ; MANUAL      ; Untyped                                                                       ;
; CARRY_CHAIN_LENGTH     ; 48          ; CARRY_CHAIN_LENGTH                                                            ;
; NOT_GATE_PUSH_BACK     ; ON          ; NOT_GATE_PUSH_BACK                                                            ;
; CARRY_CNT_EN           ; SMART       ; Untyped                                                                       ;
; LABWIDE_SCLR           ; ON          ; Untyped                                                                       ;
; USE_NEW_VERSION        ; TRUE        ; Untyped                                                                       ;
; CBXI_PARAMETER         ; cntr_5si    ; Untyped                                                                       ;
+------------------------+-------------+-------------------------------------------------------------------------------+
Note: In order to hide this table in the UI and the text report file, please set the "Show Parameter Settings in Synthesis Report" option in "Analysis and Synthesis Settings -> More Settings" to "Off".


+-----------------------------------------------------------------------------------------------------------------------+
; Parameter Settings for User Entity Instance: tick_generator:inst|lpm_compare2:inst2|lpm_compare:LPM_COMPARE_component ;
+------------------------+-------------+--------------------------------------------------------------------------------+
; Parameter Name         ; Value       ; Type                                                                           ;
+------------------------+-------------+--------------------------------------------------------------------------------+
; lpm_width              ; 4           ; Signed Integer                                                                 ;
; LPM_REPRESENTATION     ; UNSIGNED    ; Untyped                                                                        ;
; LPM_PIPELINE           ; 0           ; Untyped                                                                        ;
; CHAIN_SIZE             ; 8           ; Untyped                                                                        ;
; ONE_INPUT_IS_CONSTANT  ; YES         ; Untyped                                                                        ;
; CARRY_CHAIN            ; MANUAL      ; Untyped                                                                        ;
; CASCADE_CHAIN          ; MANUAL      ; Untyped                                                                        ;
; CARRY_CHAIN_LENGTH     ; 48          ; CARRY_CHAIN_LENGTH                                                             ;
; CASCADE_CHAIN_LENGTH   ; 2           ; CASCADE_CHAIN_LENGTH                                                           ;
; DEVICE_FAMILY          ; Cyclone III ; Untyped                                                                        ;
; CBXI_PARAMETER         ; cmpr_tpi    ; Untyped                                                                        ;
; AUTO_CARRY_CHAINS      ; ON          ; AUTO_CARRY                                                                     ;
; IGNORE_CARRY_BUFFERS   ; OFF         ; IGNORE_CARRY                                                                   ;
; AUTO_CASCADE_CHAINS    ; ON          ; AUTO_CASCADE                                                                   ;
; IGNORE_CASCADE_BUFFERS ; OFF         ; IGNORE_CASCADE                                                                 ;
+------------------------+-------------+--------------------------------------------------------------------------------+
Note: In order to hide this table in the UI and the text report file, please set the "Show Parameter Settings in Synthesis Report" option in "Analysis and Synthesis Settings -> More Settings" to "Off".


+-----------------------------------------------------------------------------------------------------------------------+
; Parameter Settings for User Entity Instance: tick_generator:inst|lpm_counter0:inst5|lpm_counter:LPM_COUNTER_component ;
+------------------------+-------------+--------------------------------------------------------------------------------+
; Parameter Name         ; Value       ; Type                                                                           ;
+------------------------+-------------+--------------------------------------------------------------------------------+
; AUTO_CARRY_CHAINS      ; ON          ; AUTO_CARRY                                                                     ;
; IGNORE_CARRY_BUFFERS   ; OFF         ; IGNORE_CARRY                                                                   ;
; AUTO_CASCADE_CHAINS    ; ON          ; AUTO_CASCADE                                                                   ;
; IGNORE_CASCADE_BUFFERS ; OFF         ; IGNORE_CASCADE                                                                 ;
; LPM_WIDTH              ; 4           ; Signed Integer                                                                 ;
; LPM_DIRECTION          ; UP          ; Untyped                                                                        ;
; LPM_MODULUS            ; 10          ; Signed Integer                                                                 ;
; LPM_AVALUE             ; UNUSED      ; Untyped                                                                        ;
; LPM_SVALUE             ; UNUSED      ; Untyped                                                                        ;
; LPM_PORT_UPDOWN        ; PORT_UNUSED ; Untyped                                                                        ;
; DEVICE_FAMILY          ; Cyclone III ; Untyped                                                                        ;
; CARRY_CHAIN            ; MANUAL      ; Untyped                                                                        ;
; CARRY_CHAIN_LENGTH     ; 48          ; CARRY_CHAIN_LENGTH                                                             ;
; NOT_GATE_PUSH_BACK     ; ON          ; NOT_GATE_PUSH_BACK                                                             ;
; CARRY_CNT_EN           ; SMART       ; Untyped                                                                        ;
; LABWIDE_SCLR           ; ON          ; Untyped                                                                        ;
; USE_NEW_VERSION        ; TRUE        ; Untyped                                                                        ;
; CBXI_PARAMETER         ; cntr_u5k    ; Untyped                                                                        ;
+------------------------+-------------+--------------------------------------------------------------------------------+
Note: In order to hide this table in the UI and the text report file, please set the "Show Parameter Settings in Synthesis Report" option in "Analysis and Synthesis Settings -> More Settings" to "Off".


+-----------------------------------------------------------------------------------------------------------------------+
; Parameter Settings for User Entity Instance: tick_generator:inst|lpm_compare2:inst4|lpm_compare:LPM_COMPARE_component ;
+------------------------+-------------+--------------------------------------------------------------------------------+
; Parameter Name         ; Value       ; Type                                                                           ;
+------------------------+-------------+--------------------------------------------------------------------------------+
; lpm_width              ; 4           ; Signed Integer                                                                 ;
; LPM_REPRESENTATION     ; UNSIGNED    ; Untyped                                                                        ;
; LPM_PIPELINE           ; 0           ; Untyped                                                                        ;
; CHAIN_SIZE             ; 8           ; Untyped                                                                        ;
; ONE_INPUT_IS_CONSTANT  ; YES         ; Untyped                                                                        ;
; CARRY_CHAIN            ; MANUAL      ; Untyped                                                                        ;
; CASCADE_CHAIN          ; MANUAL      ; Untyped                                                                        ;
; CARRY_CHAIN_LENGTH     ; 48          ; CARRY_CHAIN_LENGTH                                                             ;
; CASCADE_CHAIN_LENGTH   ; 2           ; CASCADE_CHAIN_LENGTH                                                           ;
; DEVICE_FAMILY          ; Cyclone III ; Untyped                                                                        ;
; CBXI_PARAMETER         ; cmpr_tpi    ; Untyped                                                                        ;
; AUTO_CARRY_CHAINS      ; ON          ; AUTO_CARRY                                                                     ;
; IGNORE_CARRY_BUFFERS   ; OFF         ; IGNORE_CARRY                                                                   ;
; AUTO_CASCADE_CHAINS    ; ON          ; AUTO_CASCADE                                                                   ;
; IGNORE_CASCADE_BUFFERS ; OFF         ; IGNORE_CASCADE                                                                 ;
+------------------------+-------------+--------------------------------------------------------------------------------+
Note: In order to hide this table in the UI and the text report file, please set the "Show Parameter Settings in Synthesis Report" option in "Analysis and Synthesis Settings -> More Settings" to "Off".


+-----------------------------------------------------------------------------------------------------------------------+
; Parameter Settings for User Entity Instance: tick_generator:inst|lpm_counter0:inst6|lpm_counter:LPM_COUNTER_component ;
+------------------------+-------------+--------------------------------------------------------------------------------+
; Parameter Name         ; Value       ; Type                                                                           ;
+------------------------+-------------+--------------------------------------------------------------------------------+
; AUTO_CARRY_CHAINS      ; ON          ; AUTO_CARRY                                                                     ;
; IGNORE_CARRY_BUFFERS   ; OFF         ; IGNORE_CARRY                                                                   ;
; AUTO_CASCADE_CHAINS    ; ON          ; AUTO_CASCADE                                                                   ;
; IGNORE_CASCADE_BUFFERS ; OFF         ; IGNORE_CASCADE                                                                 ;
; LPM_WIDTH              ; 4           ; Signed Integer                                                                 ;
; LPM_DIRECTION          ; UP          ; Untyped                                                                        ;
; LPM_MODULUS            ; 10          ; Signed Integer                                                                 ;
; LPM_AVALUE             ; UNUSED      ; Untyped                                                                        ;
; LPM_SVALUE             ; UNUSED      ; Untyped                                                                        ;
; LPM_PORT_UPDOWN        ; PORT_UNUSED ; Untyped                                                                        ;
; DEVICE_FAMILY          ; Cyclone III ; Untyped                                                                        ;
; CARRY_CHAIN            ; MANUAL      ; Untyped                                                                        ;
; CARRY_CHAIN_LENGTH     ; 48          ; CARRY_CHAIN_LENGTH                                                             ;
; NOT_GATE_PUSH_BACK     ; ON          ; NOT_GATE_PUSH_BACK                                                             ;
; CARRY_CNT_EN           ; SMART       ; Untyped                                                                        ;
; LABWIDE_SCLR           ; ON          ; Untyped                                                                        ;
; USE_NEW_VERSION        ; TRUE        ; Untyped                                                                        ;
; CBXI_PARAMETER         ; cntr_u5k    ; Untyped                                                                        ;
+------------------------+-------------+--------------------------------------------------------------------------------+
Note: In order to hide this table in the UI and the text report file, please set the "Show Parameter Settings in Synthesis Report" option in "Analysis and Synthesis Settings -> More Settings" to "Off".


+-----------------------------------------------------------------------------------------------------------------------+
; Parameter Settings for User Entity Instance: tick_generator:inst|lpm_compare2:inst7|lpm_compare:LPM_COMPARE_component ;
+------------------------+-------------+--------------------------------------------------------------------------------+
; Parameter Name         ; Value       ; Type                                                                           ;
+------------------------+-------------+--------------------------------------------------------------------------------+
; lpm_width              ; 4           ; Signed Integer                                                                 ;
; LPM_REPRESENTATION     ; UNSIGNED    ; Untyped                                                                        ;
; LPM_PIPELINE           ; 0           ; Untyped                                                                        ;
; CHAIN_SIZE             ; 8           ; Untyped                                                                        ;
; ONE_INPUT_IS_CONSTANT  ; YES         ; Untyped                                                                        ;
; CARRY_CHAIN            ; MANUAL      ; Untyped                                                                        ;
; CASCADE_CHAIN          ; MANUAL      ; Untyped                                                                        ;
; CARRY_CHAIN_LENGTH     ; 48          ; CARRY_CHAIN_LENGTH                                                             ;
; CASCADE_CHAIN_LENGTH   ; 2           ; CASCADE_CHAIN_LENGTH                                                           ;
; DEVICE_FAMILY          ; Cyclone III ; Untyped                                                                        ;
; CBXI_PARAMETER         ; cmpr_tpi    ; Untyped                                                                        ;
; AUTO_CARRY_CHAINS      ; ON          ; AUTO_CARRY                                                                     ;
; IGNORE_CARRY_BUFFERS   ; OFF         ; IGNORE_CARRY                                                                   ;
; AUTO_CASCADE_CHAINS    ; ON          ; AUTO_CASCADE                                                                   ;
; IGNORE_CASCADE_BUFFERS ; OFF         ; IGNORE_CASCADE                                                                 ;
+------------------------+-------------+--------------------------------------------------------------------------------+
Note: In order to hide this table in the UI and the text report file, please set the "Show Parameter Settings in Synthesis Report" option in "Analysis and Synthesis Settings -> More Settings" to "Off".


+------------------------------------------------------------------------------------------------------------------------+
; Parameter Settings for User Entity Instance: tick_generator:inst|lpm_counter0:inst11|lpm_counter:LPM_COUNTER_component ;
+------------------------+-------------+---------------------------------------------------------------------------------+
; Parameter Name         ; Value       ; Type                                                                            ;
+------------------------+-------------+---------------------------------------------------------------------------------+
; AUTO_CARRY_CHAINS      ; ON          ; AUTO_CARRY                                                                      ;
; IGNORE_CARRY_BUFFERS   ; OFF         ; IGNORE_CARRY                                                                    ;
; AUTO_CASCADE_CHAINS    ; ON          ; AUTO_CASCADE                                                                    ;
; IGNORE_CASCADE_BUFFERS ; OFF         ; IGNORE_CASCADE                                                                  ;
; LPM_WIDTH              ; 4           ; Signed Integer                                                                  ;
; LPM_DIRECTION          ; UP          ; Untyped                                                                         ;
; LPM_MODULUS            ; 10          ; Signed Integer                                                                  ;
; LPM_AVALUE             ; UNUSED      ; Untyped                                                                         ;
; LPM_SVALUE             ; UNUSED      ; Untyped                                                                         ;
; LPM_PORT_UPDOWN        ; PORT_UNUSED ; Untyped                                                                         ;
; DEVICE_FAMILY          ; Cyclone III ; Untyped                                                                         ;
; CARRY_CHAIN            ; MANUAL      ; Untyped                                                                         ;
; CARRY_CHAIN_LENGTH     ; 48          ; CARRY_CHAIN_LENGTH                                                              ;
; NOT_GATE_PUSH_BACK     ; ON          ; NOT_GATE_PUSH_BACK                                                              ;
; CARRY_CNT_EN           ; SMART       ; Untyped                                                                         ;
; LABWIDE_SCLR           ; ON          ; Untyped                                                                         ;
; USE_NEW_VERSION        ; TRUE        ; Untyped                                                                         ;
; CBXI_PARAMETER         ; cntr_u5k    ; Untyped                                                                         ;
+------------------------+-------------+---------------------------------------------------------------------------------+
Note: In order to hide this table in the UI and the text report file, please set the "Show Parameter Settings in Synthesis Report" option in "Analysis and Synthesis Settings -> More Settings" to "Off".


+-------------------------------+
; Elapsed Time Per Partition    ;
+----------------+--------------+
; Partition Name ; Elapsed Time ;
+----------------+--------------+
; Top            ; 00:00:01     ;
+----------------+--------------+


+-------------------------------+
; Analysis & Synthesis Messages ;
+-------------------------------+
Info: *******************************************************************
Info: Running Quartus II 64-Bit Analysis & Synthesis
    Info: Version 13.0.1 Build 232 06/12/2013 Service Pack 1 SJ Full Version
    Info: Processing started: Wed Mar 09 14:13:10 2016
Info: Command: quartus_map --read_settings_files=on --write_settings_files=off stopwatch -c stopwatch
Warning (125092): Tcl Script File output_files/output_files/lpm_counter0.qip not found
    Info (125063): set_global_assignment -name QIP_FILE output_files/output_files/lpm_counter0.qip
Warning (125092): Tcl Script File lpm_compare0.qip not found
    Info (125063): set_global_assignment -name QIP_FILE lpm_compare0.qip
Info (11104): Parallel Compilation has detected 8 hyper-threaded processors. However, the extra hyper-threaded processors will not be used by default. Parallel Compilation will use 4 of the 4 physical processors detected instead.
Info (12021): Found 1 design units, including 1 entities, in source file //icnas2.cc.ic.ac.uk/gsp14/desktop/fpga lab/clockdivider2-20/clockdivider2-20.bdf
    Info (12023): Found entity 1: clockdivider2-20
Info (12021): Found 1 design units, including 1 entities, in source file module decode_7segment.v
    Info (12023): Found entity 1: decode_7segment
Info (12021): Found 1 design units, including 1 entities, in source file //icnas2.cc.ic.ac.uk/gsp14/desktop/fpga lab/dflipflop/dflipflop.bdf
    Info (12023): Found entity 1: dflipflop
Info (12021): Found 1 design units, including 1 entities, in source file //icnas2.cc.ic.ac.uk/gsp14/desktop/fpga lab/fulladd/fulladd.bdf
    Info (12023): Found entity 1: fulladd
Info (12021): Found 1 design units, including 1 entities, in source file //icnas2.cc.ic.ac.uk/gsp14/desktop/fpga lab/halfadd/halfadd.bdf
    Info (12023): Found entity 1: halfadd
Info (12021): Found 1 design units, including 1 entities, in source file stopwatch.bdf
    Info (12023): Found entity 1: stopwatch
Info (12021): Found 1 design units, including 1 entities, in source file tick_generator.bdf
    Info (12023): Found entity 1: tick_generator
Info (12021): Found 1 design units, including 1 entities, in source file b-bcd.bdf
    Info (12023): Found entity 1: B-BCD
Info (12021): Found 2 design units, including 1 entities, in source file counter.vhd
    Info (12022): Found design unit 1: counter-SYN
    Info (12023): Found entity 1: counter
Info (12021): Found 1 design units, including 1 entities, in source file counters.bdf
    Info (12023): Found entity 1: counters
Info (12021): Found 2 design units, including 1 entities, in source file bigcounter1.vhd
    Info (12022): Found design unit 1: bigcounter1-SYN
    Info (12023): Found entity 1: bigcounter1
Info (12021): Found 1 design units, including 1 entities, in source file specialdff.bdf
    Info (12023): Found entity 1: specialdff
Info (12021): Found 1 design units, including 1 entities, in source file counters2.bdf
    Info (12023): Found entity 1: counters2
Info (12021): Found 2 design units, including 1 entities, in source file lpm_counter0.vhd
    Info (12022): Found design unit 1: lpm_counter0-SYN
    Info (12023): Found entity 1: lpm_counter0
Info (12021): Found 2 design units, including 1 entities, in source file lpm_counter3.vhd
    Info (12022): Found design unit 1: lpm_counter3-SYN
    Info (12023): Found entity 1: lpm_counter3
Info (12021): Found 2 design units, including 1 entities, in source file lpm_counter4.vhd
    Info (12022): Found design unit 1: lpm_counter4-SYN
    Info (12023): Found entity 1: lpm_counter4
Info (12021): Found 2 design units, including 1 entities, in source file output_files/lpm_counter5.vhd
    Info (12022): Found design unit 1: lpm_counter5-SYN
    Info (12023): Found entity 1: lpm_counter5
Info (12021): Found 2 design units, including 1 entities, in source file output_files/lpm_compare0.vhd
    Info (12022): Found design unit 1: lpm_compare0-SYN
    Info (12023): Found entity 1: lpm_compare0
Info (12021): Found 2 design units, including 1 entities, in source file lpm_compare1.vhd
    Info (12022): Found design unit 1: lpm_compare1-SYN
    Info (12023): Found entity 1: lpm_compare1
Info (12021): Found 2 design units, including 1 entities, in source file lpm_compare2.vhd
    Info (12022): Found design unit 1: lpm_compare2-SYN
    Info (12023): Found entity 1: lpm_compare2
Info (12021): Found 1 design units, including 1 entities, in source file 4bitregisterrw.bdf
    Info (12023): Found entity 1: 4bitregisterrw
Info (12127): Elaborating entity "stopwatch" for the top level hierarchy
Warning (275043): Pin "decimalpt" is missing source
Info (12128): Elaborating entity "decode_7segment" for hierarchy "decode_7segment:inst4"
Info (12128): Elaborating entity "4bitregisterrw" for hierarchy "4bitregisterrw:inst11"
Info (12128): Elaborating entity "counters2" for hierarchy "counters2:inst2"
Info (12128): Elaborating entity "counter" for hierarchy "counters2:inst2|counter:10mscounter"
Info (12128): Elaborating entity "lpm_counter" for hierarchy "counters2:inst2|counter:10mscounter|lpm_counter:LPM_COUNTER_component"
Info (12130): Elaborated megafunction instantiation "counters2:inst2|counter:10mscounter|lpm_counter:LPM_COUNTER_component"
Info (12133): Instantiated megafunction "counters2:inst2|counter:10mscounter|lpm_counter:LPM_COUNTER_component" with the following parameter:
    Info (12134): Parameter "lpm_avalue" = "0"
    Info (12134): Parameter "lpm_direction" = "UP"
    Info (12134): Parameter "lpm_modulus" = "10"
    Info (12134): Parameter "lpm_port_updown" = "PORT_UNUSED"
    Info (12134): Parameter "lpm_type" = "LPM_COUNTER"
    Info (12134): Parameter "lpm_width" = "4"
Info (12021): Found 1 design units, including 1 entities, in source file db/cntr_rql.tdf
    Info (12023): Found entity 1: cntr_rql
Info (12128): Elaborating entity "cntr_rql" for hierarchy "counters2:inst2|counter:10mscounter|lpm_counter:LPM_COUNTER_component|cntr_rql:auto_generated"
Info (12021): Found 1 design units, including 1 entities, in source file db/cmpr_hfc.tdf
    Info (12023): Found entity 1: cmpr_hfc
Info (12128): Elaborating entity "cmpr_hfc" for hierarchy "counters2:inst2|counter:10mscounter|lpm_counter:LPM_COUNTER_component|cntr_rql:auto_generated|cmpr_hfc:cmpr1"
Info (12128): Elaborating entity "tick_generator" for hierarchy "tick_generator:inst"
Info (12128): Elaborating entity "lpm_compare1" for hierarchy "tick_generator:inst|lpm_compare1:inst1"
Info (12128): Elaborating entity "lpm_compare" for hierarchy "tick_generator:inst|lpm_compare1:inst1|lpm_compare:LPM_COMPARE_component"
Info (12130): Elaborated megafunction instantiation "tick_generator:inst|lpm_compare1:inst1|lpm_compare:LPM_COMPARE_component"
Info (12133): Instantiated megafunction "tick_generator:inst|lpm_compare1:inst1|lpm_compare:LPM_COMPARE_component" with the following parameter:
    Info (12134): Parameter "lpm_hint" = "ONE_INPUT_IS_CONSTANT=YES"
    Info (12134): Parameter "lpm_representation" = "UNSIGNED"
    Info (12134): Parameter "lpm_type" = "LPM_COMPARE"
    Info (12134): Parameter "lpm_width" = "19"
Info (12021): Found 1 design units, including 1 entities, in source file db/cmpr_fcj.tdf
    Info (12023): Found entity 1: cmpr_fcj
Info (12128): Elaborating entity "cmpr_fcj" for hierarchy "tick_generator:inst|lpm_compare1:inst1|lpm_compare:LPM_COMPARE_component|cmpr_fcj:auto_generated"
Info (12128): Elaborating entity "bigcounter1" for hierarchy "tick_generator:inst|bigcounter1:inst3"
Info (12128): Elaborating entity "lpm_counter" for hierarchy "tick_generator:inst|bigcounter1:inst3|lpm_counter:LPM_COUNTER_component"
Info (12130): Elaborated megafunction instantiation "tick_generator:inst|bigcounter1:inst3|lpm_counter:LPM_COUNTER_component"
Info (12133): Instantiated megafunction "tick_generator:inst|bigcounter1:inst3|lpm_counter:LPM_COUNTER_component" with the following parameter:
    Info (12134): Parameter "lpm_direction" = "UP"
    Info (12134): Parameter "lpm_port_updown" = "PORT_UNUSED"
    Info (12134): Parameter "lpm_type" = "LPM_COUNTER"
    Info (12134): Parameter "lpm_width" = "19"
Info (12021): Found 1 design units, including 1 entities, in source file db/cntr_5si.tdf
    Info (12023): Found entity 1: cntr_5si
Info (12128): Elaborating entity "cntr_5si" for hierarchy "tick_generator:inst|bigcounter1:inst3|lpm_counter:LPM_COUNTER_component|cntr_5si:auto_generated"
Info (12128): Elaborating entity "lpm_compare2" for hierarchy "tick_generator:inst|lpm_compare2:inst2"
Info (12128): Elaborating entity "lpm_compare" for hierarchy "tick_generator:inst|lpm_compare2:inst2|lpm_compare:LPM_COMPARE_component"
Info (12130): Elaborated megafunction instantiation "tick_generator:inst|lpm_compare2:inst2|lpm_compare:LPM_COMPARE_component"
Info (12133): Instantiated megafunction "tick_generator:inst|lpm_compare2:inst2|lpm_compare:LPM_COMPARE_component" with the following parameter:
    Info (12134): Parameter "lpm_hint" = "ONE_INPUT_IS_CONSTANT=YES"
    Info (12134): Parameter "lpm_representation" = "UNSIGNED"
    Info (12134): Parameter "lpm_type" = "LPM_COMPARE"
    Info (12134): Parameter "lpm_width" = "4"
Info (12021): Found 1 design units, including 1 entities, in source file db/cmpr_tpi.tdf
    Info (12023): Found entity 1: cmpr_tpi
Info (12128): Elaborating entity "cmpr_tpi" for hierarchy "tick_generator:inst|lpm_compare2:inst2|lpm_compare:LPM_COMPARE_component|cmpr_tpi:auto_generated"
Info (12128): Elaborating entity "lpm_counter0" for hierarchy "tick_generator:inst|lpm_counter0:inst5"
Info (12128): Elaborating entity "lpm_counter" for hierarchy "tick_generator:inst|lpm_counter0:inst5|lpm_counter:LPM_COUNTER_component"
Info (12130): Elaborated megafunction instantiation "tick_generator:inst|lpm_counter0:inst5|lpm_counter:LPM_COUNTER_component"
Info (12133): Instantiated megafunction "tick_generator:inst|lpm_counter0:inst5|lpm_counter:LPM_COUNTER_component" with the following parameter:
    Info (12134): Parameter "lpm_direction" = "UP"
    Info (12134): Parameter "lpm_modulus" = "10"
    Info (12134): Parameter "lpm_port_updown" = "PORT_UNUSED"
    Info (12134): Parameter "lpm_type" = "LPM_COUNTER"
    Info (12134): Parameter "lpm_width" = "4"
Info (12021): Found 1 design units, including 1 entities, in source file db/cntr_u5k.tdf
    Info (12023): Found entity 1: cntr_u5k
Info (12128): Elaborating entity "cntr_u5k" for hierarchy "tick_generator:inst|lpm_counter0:inst5|lpm_counter:LPM_COUNTER_component|cntr_u5k:auto_generated"
Warning (13024): Output pins are stuck at VCC or GND
    Warning (13410): Pin "decimalpt" is stuck at GND
Info (286030): Timing-Driven Synthesis is running
Info (16010): Generating hard_block partition "hard_block:auto_generated_inst"
    Info (16011): Adding 0 node(s), including 0 DDIO, 0 PLL, 0 transceiver and 0 LCELL
Info (21057): Implemented 161 device resources after synthesis - the final resource count might be different
    Info (21058): Implemented 5 input pins
    Info (21059): Implemented 32 output pins
    Info (21061): Implemented 124 logic cells
Info: Quartus II 64-Bit Analysis & Synthesis was successful. 0 errors, 5 warnings
    Info: Peak virtual memory: 513 megabytes
    Info: Processing ended: Wed Mar 09 14:13:35 2016
    Info: Elapsed time: 00:00:25
    Info: Total CPU time (on all processors): 00:00:08


